<?xml version="1.0" encoding="UTF-8"?>
<testsuite name="com.example.androidproject.domain.usecase.AnalyzeRehabProgressUseCaseTest" tests="1" skipped="0" failures="0" errors="0" timestamp="2025-11-06T11:23:21" hostname="Userui-MacBookAir-2.local" time="0.049">
  <properties/>
  <testcase name="analysis_shouldHandleEmptyRatingsCorrectly" classname="com.example.androidproject.domain.usecase.AnalyzeRehabProgressUseCaseTest" time="0.049"/>
  <system-out><![CDATA[]]></system-out>
  <system-err><![CDATA[]]></system-err>
</testsuite>
